2024-01-09 20:22:56 - c.n.notescape.NotescapeApplication - Starting NotescapeApplication using Java 17.0.9 with PID 324456 (/home/nebula/Workspace/java/notescape/backend/target/classes started by nebula in /home/nebula/Workspace/java/notescape/backend)
2024-01-09 20:22:56 - c.n.notescape.NotescapeApplication - No active profile set, falling back to 1 default profile: "default"
2024-01-09 20:22:56 - o.s.d.r.c.RepositoryConfigurationDelegate - Bootstrapping Spring Data JPA repositories in DEFAULT mode.
2024-01-09 20:22:56 - o.s.d.r.c.RepositoryConfigurationDelegate - Finished Spring Data repository scanning in 27 ms. Found 1 JPA repository interface.
2024-01-09 20:22:56 - o.s.b.w.e.tomcat.TomcatWebServer - Tomcat initialized with port 8080 (http)
2024-01-09 20:22:56 - o.a.catalina.core.StandardService - Starting service [Tomcat]
2024-01-09 20:22:56 - o.a.catalina.core.StandardEngine - Starting Servlet engine: [Apache Tomcat/10.1.17]
2024-01-09 20:22:56 - o.a.c.c.C.[Tomcat].[localhost].[/] - Initializing Spring embedded WebApplicationContext
2024-01-09 20:22:56 - o.s.b.w.s.c.ServletWebServerApplicationContext - Root WebApplicationContext: initialization completed in 821 ms
2024-01-09 20:22:56 - o.s.b.w.s.ServletContextInitializerBeans - Added existing Filter initializer bean 'securityFilterChainRegistration'; order=-100, resource=class path resource [org/springframework/boot/autoconfigure/security/servlet/SecurityFilterAutoConfiguration.class]
2024-01-09 20:22:56 - o.s.b.w.s.ServletContextInitializerBeans - Added existing Servlet initializer bean 'dispatcherServletRegistration'; order=2147483647, resource=class path resource [org/springframework/boot/autoconfigure/web/servlet/DispatcherServletAutoConfiguration$DispatcherServletRegistrationConfiguration.class]
2024-01-09 20:22:56 - o.h.jpa.internal.util.LogHelper - HHH000204: Processing PersistenceUnitInfo [name: default]
2024-01-09 20:22:56 - org.hibernate.Version - HHH000412: Hibernate ORM core version 6.4.1.Final
2024-01-09 20:22:56 - o.h.c.i.RegionFactoryInitiator - HHH000026: Second-level cache disabled
2024-01-09 20:22:57 - o.s.o.j.p.SpringPersistenceUnitInfo - No LoadTimeWeaver setup: ignoring JPA class transformer
2024-01-09 20:22:57 - com.zaxxer.hikari.HikariDataSource - HikariPool-1 - Starting...
2024-01-09 20:22:57 - com.zaxxer.hikari.pool.HikariPool - HikariPool-1 - Added connection com.mysql.cj.jdbc.ConnectionImpl@63814bbe
2024-01-09 20:22:57 - com.zaxxer.hikari.HikariDataSource - HikariPool-1 - Start completed.
2024-01-09 20:22:57 - o.h.e.j.e.i.JdbcEnvironmentInitiator - HHH000339: Could not obtain connection metadata: java.sql.SQLSyntaxErrorException: Unknown column 'RESERVED' in 'where clause'
2024-01-09 20:22:57 - org.hibernate.orm.deprecation - HHH90000025: MySQLDialect does not need to be specified explicitly using 'hibernate.dialect' (remove the property setting and it will be selected by default)
2024-01-09 20:22:57 - o.h.e.t.j.p.i.JtaPlatformInitiator - HHH000489: No JTA platform available (set 'hibernate.transaction.jta.platform' to enable JTA platform integration)
2024-01-09 20:22:57 - o.s.o.j.LocalContainerEntityManagerFactoryBean - Initialized JPA EntityManagerFactory for persistence unit 'default'
2024-01-09 20:22:57 - o.s.b.w.s.ServletContextInitializerBeans - Created Filter initializer for bean 'characterEncodingFilter'; order=-2147483648, resource=class path resource [org/springframework/boot/autoconfigure/web/servlet/HttpEncodingAutoConfiguration.class]
2024-01-09 20:22:57 - o.s.b.w.s.ServletContextInitializerBeans - Created Filter initializer for bean 'jwtAuthenticationFilter'; order=2147483647, resource=file [/home/nebula/Workspace/java/notescape/backend/target/classes/com/nebula/notescape/security/filter/JwtAuthenticationFilter.class]
2024-01-09 20:22:57 - o.s.b.w.s.ServletContextInitializerBeans - Mapping filters: springSecurityFilterChain urls=[/*] order=-100, characterEncodingFilter urls=[/*] order=-2147483648, jwtAuthenticationFilter urls=[/*] order=2147483647
2024-01-09 20:22:57 - o.s.b.w.s.ServletContextInitializerBeans - Mapping servlets: dispatcherServlet urls=[/]
2024-01-09 20:22:58 - o.s.b.a.o.j.JpaBaseConfiguration$JpaWebConfiguration - spring.jpa.open-in-view is enabled by default. Therefore, database queries may be performed during view rendering. Explicitly configure spring.jpa.open-in-view to disable this warning
2024-01-09 20:22:58 - o.s.w.s.m.m.a.RequestMappingHandlerMapping - 
	c.n.n.c.AuthenticationController:
	{POST [/api/auth/login]}: login(LoginRequest)
	{POST [/api/auth/register]}: register(RegisterRequest)
2024-01-09 20:22:58 - o.s.w.s.m.m.a.RequestMappingHandlerMapping - 
	o.s.b.a.w.s.e.BasicErrorController:
	{ [/error]}: error(HttpServletRequest)
	{ [/error], produces [text/html]}: errorHtml(HttpServletRequest,HttpServletResponse)
2024-01-09 20:22:58 - o.s.w.s.m.m.a.RequestMappingHandlerMapping - 4 mappings in 'requestMappingHandlerMapping'
2024-01-09 20:22:58 - o.s.w.s.h.BeanNameUrlHandlerMapping - Detected 0 mappings in 'beanNameHandlerMapping'
2024-01-09 20:22:58 - o.s.w.s.f.s.RouterFunctionMapping - 0 RouterFunction(s) in 'routerFunctionMapping'
2024-01-09 20:22:58 - o.s.s.web.DefaultSecurityFilterChain - Will secure any request with [org.springframework.security.web.session.DisableEncodeUrlFilter@2b33f7a0, org.springframework.security.web.context.request.async.WebAsyncManagerIntegrationFilter@71b6edfb, org.springframework.security.web.context.SecurityContextHolderFilter@4f4b7a2e, org.springframework.security.web.header.HeaderWriterFilter@3bf306d3, org.springframework.web.filter.CorsFilter@2f541f60, org.springframework.security.web.authentication.logout.LogoutFilter@d5eca06, com.nebula.notescape.security.JwtAuthenticationFilter@62cb977a, org.springframework.security.web.RequestMatcherRedirectFilter@3b9c386d, org.springframework.security.web.savedrequest.RequestCacheAwareFilter@77430c79, org.springframework.security.web.servletapi.SecurityContextHolderAwareRequestFilter@506654fa, org.springframework.security.web.authentication.AnonymousAuthenticationFilter@1dcc0bb8, org.springframework.security.web.session.SessionManagementFilter@f3e6876, org.springframework.security.web.access.ExceptionTranslationFilter@61c42e54, org.springframework.security.web.access.intercept.AuthorizationFilter@455cb6d9]
2024-01-09 20:22:58 - o.s.w.s.m.m.a.RequestMappingHandlerAdapter - ControllerAdvice beans: 0 @ModelAttribute, 0 @InitBinder, 1 RequestBodyAdvice, 1 ResponseBodyAdvice
2024-01-09 20:22:58 - o.s.w.s.m.m.a.ExceptionHandlerExceptionResolver - ControllerAdvice beans: 1 @ExceptionHandler, 1 ResponseBodyAdvice
2024-01-09 20:22:58 - o.s.w.s.m.m.a.ExceptionHandlerExceptionResolver - ControllerAdvice beans: 1 @ExceptionHandler, 0 ResponseBodyAdvice
2024-01-09 20:22:58 - o.s.b.w.e.tomcat.TomcatWebServer - Tomcat started on port 8080 (http) with context path ''
2024-01-09 20:22:58 - o.s.w.s.resource.ResourceUrlProvider - No resource handling mappings found
2024-01-09 20:22:58 - c.n.notescape.NotescapeApplication - Started NotescapeApplication in 2.915 seconds (process running for 3.266)
2024-01-09 20:24:13 - o.a.c.c.C.[Tomcat].[localhost].[/] - Initializing Spring DispatcherServlet 'dispatcherServlet'
2024-01-09 20:24:13 - o.s.web.servlet.DispatcherServlet - Initializing Servlet 'dispatcherServlet'
2024-01-09 20:24:13 - o.s.web.servlet.DispatcherServlet - Detected org.springframework.web.multipart.support.StandardServletMultipartResolver@3203ffa3
2024-01-09 20:24:13 - o.s.web.servlet.DispatcherServlet - Detected org.springframework.web.servlet.i18n.AcceptHeaderLocaleResolver@37806ccb
2024-01-09 20:24:13 - o.s.web.servlet.DispatcherServlet - Detected org.springframework.web.servlet.theme.FixedThemeResolver@4d86f330
2024-01-09 20:24:13 - o.s.web.servlet.DispatcherServlet - Detected DefaultRequestToViewNameTranslator
2024-01-09 20:24:13 - o.s.web.servlet.DispatcherServlet - Detected SessionFlashMapManager
2024-01-09 20:24:13 - o.s.web.servlet.DispatcherServlet - enableLoggingRequestDetails='true': request parameters and headers will be shown which may lead to unsafe logging of potentially sensitive data
2024-01-09 20:24:13 - o.s.web.servlet.DispatcherServlet - Completed initialization in 2 ms
2024-01-09 20:24:13 - o.s.web.servlet.DispatcherServlet - POST "/api/auth/login", parameters={}, headers={content-type:[application/json], user-agent:[PostmanRuntime/7.32.2], accept:[*/*], postman-token:[826be702-e236-44e8-afc9-e5c8a11fa31a], host:[localhost:8080], accept-encoding:[gzip, deflate, br], connection:[keep-alive], content-length:[68]} in DispatcherServlet 'dispatcherServlet'
2024-01-09 20:24:13 - o.s.w.s.m.m.a.RequestMappingHandlerMapping - Mapped to com.nebula.notescape.controller.AuthenticationController#login(LoginRequest)
2024-01-09 20:24:13 - o.s.w.s.m.m.a.RequestResponseBodyMethodProcessor - Read "application/json;charset=UTF-8" to [LoginRequest(email=dillanext@mail.com, password=dillanext12)]
2024-01-09 20:24:13 - o.s.web.method.HandlerMethod - Arguments: [LoginRequest(email=dillanext@mail.com, password=dillanext12)]
2024-01-09 20:24:14 - c.n.n.s.s.AuthenticationService - AuthenticationManager successfully authenticated dillanext@mail.com
2024-01-09 20:24:14 - c.n.n.s.s.AuthenticationService - Successfully generated token for dillanext@mail.com
2024-01-09 20:24:14 - c.n.n.s.s.AuthenticationService - Authentication Token for dillanext@mail.com is eyJhbGciOiJIUzM4NCJ9.eyJzdWIiOiJkaWxsYW5leHRAbWFpbC5jb20iLCJpYXQiOjE3MDQ4MTc0NTQsImV4cCI6MTcwNTQyMjI1NH0.cSD-acdXmDO7iYDC8vceSQDKTw6tLvZ_kbbeNmGboFYqC0ScDOj84IkBrBHEGqgB
2024-01-09 20:24:14 - c.n.n.s.s.AuthenticationService - Successfully retrieved dillanext@mail.com from the user repository
2024-01-09 20:24:14 - c.n.n.s.s.AuthenticationService - dillanext@mail.com authenticated successfully
2024-01-09 20:24:14 - o.s.w.s.m.m.a.RequestResponseBodyMethodProcessor - Using 'application/json', given [*/*] and supported [application/json, application/*+json]
2024-01-09 20:24:14 - o.s.w.s.m.m.a.RequestResponseBodyMethodProcessor - Writing [{user=UserResponse(id=1, email=dillanext@mail.com, username=dillanext, fullName=zurajishkariani, about=null, imgUrl=), token=eyJhbGciOiJIUzM4NCJ9.eyJzdWIiOiJkaWxsYW5leHRAbWFpbC5jb20iLCJpYXQiOjE3MDQ4MTc0NTQsImV4cCI6MTcwNTQyMjI1NH0.cSD-acdXmDO7iYDC8vceSQDKTw6tLvZ_kbbeNmGboFYqC0ScDOj84IkBrBHEGqgB}]
2024-01-09 20:24:14 - o.s.web.servlet.DispatcherServlet - No view rendering, null ModelAndView returned.
2024-01-09 20:24:14 - o.s.web.servlet.DispatcherServlet - Completed 200 OK, headers={Vary:[Origin, Access-Control-Request-Method, Access-Control-Request-Headers], Vary:[Origin, Access-Control-Request-Method, Access-Control-Request-Headers], Vary:[Origin, Access-Control-Request-Method, Access-Control-Request-Headers], X-Content-Type-Options:[nosniff], X-XSS-Protection:[0], Cache-Control:[no-cache, no-store, max-age=0, must-revalidate], Pragma:[no-cache], Expires:[0], X-Frame-Options:[DENY], Content-Type:[application/json], Transfer-Encoding:[chunked], Date:[Tue, 09 Jan 2024 16:24:14 GMT], Keep-Alive:[timeout=60], Connection:[keep-alive]}
2024-01-09 20:24:46 - o.s.o.j.LocalContainerEntityManagerFactoryBean - Closing JPA EntityManagerFactory for persistence unit 'default'
2024-01-09 20:24:46 - com.zaxxer.hikari.HikariDataSource - HikariPool-1 - Shutdown initiated...
2024-01-09 20:24:46 - com.zaxxer.hikari.HikariDataSource - HikariPool-1 - Shutdown completed.
2024-01-09T20:24:48.920+04:00  INFO 325695 --- [main] c.nebula.notescape.NotescapeApplication  : Starting NotescapeApplication using Java 17.0.9 with PID 325695 (/home/nebula/Workspace/java/notescape/backend/target/classes started by nebula in /home/nebula/Workspace/java/notescape/backend)
2024-01-09T20:24:48.922+04:00  INFO 325695 --- [main] c.nebula.notescape.NotescapeApplication  : No active profile set, falling back to 1 default profile: "default"
2024-01-09T20:24:49.337+04:00  INFO 325695 --- [main] .s.d.r.c.RepositoryConfigurationDelegate : Bootstrapping Spring Data JPA repositories in DEFAULT mode.
2024-01-09T20:24:49.377+04:00  INFO 325695 --- [main] .s.d.r.c.RepositoryConfigurationDelegate : Finished Spring Data repository scanning in 30 ms. Found 1 JPA repository interface.
2024-01-09T20:24:49.724+04:00  INFO 325695 --- [main] o.s.b.w.embedded.tomcat.TomcatWebServer  : Tomcat initialized with port 8080 (http)
2024-01-09T20:24:49.731+04:00  INFO 325695 --- [main] o.apache.catalina.core.StandardService   : Starting service [Tomcat]
2024-01-09T20:24:49.731+04:00  INFO 325695 --- [main] o.apache.catalina.core.StandardEngine    : Starting Servlet engine: [Apache Tomcat/10.1.17]
2024-01-09T20:24:49.763+04:00  INFO 325695 --- [main] o.a.c.c.C.[Tomcat].[localhost].[/]       : Initializing Spring embedded WebApplicationContext
2024-01-09T20:24:49.763+04:00  INFO 325695 --- [main] w.s.c.ServletWebServerApplicationContext : Root WebApplicationContext: initialization completed in 818 ms
2024-01-09T20:24:49.770+04:00 TRACE 325695 --- [main] o.s.b.w.s.ServletContextInitializerBeans : Added existing Filter initializer bean 'securityFilterChainRegistration'; order=-100, resource=class path resource [org/springframework/boot/autoconfigure/security/servlet/SecurityFilterAutoConfiguration.class]
2024-01-09T20:24:49.770+04:00 TRACE 325695 --- [main] o.s.b.w.s.ServletContextInitializerBeans : Added existing Servlet initializer bean 'dispatcherServletRegistration'; order=2147483647, resource=class path resource [org/springframework/boot/autoconfigure/web/servlet/DispatcherServletAutoConfiguration$DispatcherServletRegistrationConfiguration.class]
2024-01-09T20:24:49.841+04:00  INFO 325695 --- [main] o.hibernate.jpa.internal.util.LogHelper  : HHH000204: Processing PersistenceUnitInfo [name: default]
2024-01-09T20:24:49.874+04:00  INFO 325695 --- [main] org.hibernate.Version                    : HHH000412: Hibernate ORM core version 6.4.1.Final
2024-01-09T20:24:49.895+04:00  INFO 325695 --- [main] o.h.c.internal.RegionFactoryInitiator    : HHH000026: Second-level cache disabled
2024-01-09T20:24:50.058+04:00  INFO 325695 --- [main] o.s.o.j.p.SpringPersistenceUnitInfo      : No LoadTimeWeaver setup: ignoring JPA class transformer
2024-01-09T20:24:50.073+04:00  INFO 325695 --- [main] com.zaxxer.hikari.HikariDataSource       : HikariPool-1 - Starting...
2024-01-09T20:24:50.158+04:00  INFO 325695 --- [main] com.zaxxer.hikari.pool.HikariPool        : HikariPool-1 - Added connection com.mysql.cj.jdbc.ConnectionImpl@63814bbe
2024-01-09T20:24:50.159+04:00  INFO 325695 --- [main] com.zaxxer.hikari.HikariDataSource       : HikariPool-1 - Start completed.
2024-01-09T20:24:50.173+04:00  WARN 325695 --- [main] o.h.e.j.e.i.JdbcEnvironmentInitiator     : HHH000339: Could not obtain connection metadata: java.sql.SQLSyntaxErrorException: Unknown column 'RESERVED' in 'where clause'
2024-01-09T20:24:50.183+04:00  WARN 325695 --- [main] org.hibernate.orm.deprecation            : HHH90000025: MySQLDialect does not need to be specified explicitly using 'hibernate.dialect' (remove the property setting and it will be selected by default)
2024-01-09T20:24:50.672+04:00  INFO 325695 --- [main] o.h.e.t.j.p.i.JtaPlatformInitiator       : HHH000489: No JTA platform available (set 'hibernate.transaction.jta.platform' to enable JTA platform integration)
2024-01-09T20:24:50.712+04:00  INFO 325695 --- [main] j.LocalContainerEntityManagerFactoryBean : Initialized JPA EntityManagerFactory for persistence unit 'default'
2024-01-09T20:24:50.892+04:00 TRACE 325695 --- [main] o.s.b.w.s.ServletContextInitializerBeans : Created Filter initializer for bean 'characterEncodingFilter'; order=-2147483648, resource=class path resource [org/springframework/boot/autoconfigure/web/servlet/HttpEncodingAutoConfiguration.class]
2024-01-09T20:24:50.892+04:00 TRACE 325695 --- [main] o.s.b.w.s.ServletContextInitializerBeans : Created Filter initializer for bean 'jwtAuthenticationFilter'; order=2147483647, resource=file [/home/nebula/Workspace/java/notescape/backend/target/classes/com/nebula/notescape/security/filter/JwtAuthenticationFilter.class]
2024-01-09T20:24:50.895+04:00 DEBUG 325695 --- [main] o.s.b.w.s.ServletContextInitializerBeans : Mapping filters: springSecurityFilterChain urls=[/*] order=-100, characterEncodingFilter urls=[/*] order=-2147483648, jwtAuthenticationFilter urls=[/*] order=2147483647
2024-01-09T20:24:50.895+04:00 DEBUG 325695 --- [main] o.s.b.w.s.ServletContextInitializerBeans : Mapping servlets: dispatcherServlet urls=[/]
2024-01-09T20:24:50.960+04:00  WARN 325695 --- [main] JpaBaseConfiguration$JpaWebConfiguration : spring.jpa.open-in-view is enabled by default. Therefore, database queries may be performed during view rendering. Explicitly configure spring.jpa.open-in-view to disable this warning
2024-01-09T20:24:51.080+04:00 TRACE 325695 --- [main] s.w.s.m.m.a.RequestMappingHandlerMapping : 
	c.n.n.c.AuthenticationController:
	{POST [/api/auth/login]}: login(LoginRequest)
	{POST [/api/auth/register]}: register(RegisterRequest)
2024-01-09T20:24:51.087+04:00 TRACE 325695 --- [main] s.w.s.m.m.a.RequestMappingHandlerMapping : 
	o.s.b.a.w.s.e.BasicErrorController:
	{ [/error]}: error(HttpServletRequest)
	{ [/error], produces [text/html]}: errorHtml(HttpServletRequest,HttpServletResponse)
2024-01-09T20:24:51.088+04:00 DEBUG 325695 --- [main] s.w.s.m.m.a.RequestMappingHandlerMapping : 4 mappings in 'requestMappingHandlerMapping'
2024-01-09T20:24:51.093+04:00 DEBUG 325695 --- [main] o.s.w.s.h.BeanNameUrlHandlerMapping      : Detected 0 mappings in 'beanNameHandlerMapping'
2024-01-09T20:24:51.144+04:00 TRACE 325695 --- [main] o.s.w.s.f.support.RouterFunctionMapping  : 0 RouterFunction(s) in 'routerFunctionMapping'
2024-01-09T20:24:51.229+04:00  INFO 325695 --- [main] o.s.s.web.DefaultSecurityFilterChain     : Will secure any request with [org.springframework.security.web.session.DisableEncodeUrlFilter@2b33f7a0, org.springframework.security.web.context.request.async.WebAsyncManagerIntegrationFilter@71b6edfb, org.springframework.security.web.context.SecurityContextHolderFilter@4f4b7a2e, org.springframework.security.web.header.HeaderWriterFilter@3bf306d3, org.springframework.web.filter.CorsFilter@2f541f60, org.springframework.security.web.authentication.logout.LogoutFilter@d5eca06, com.nebula.notescape.security.JwtAuthenticationFilter@62cb977a, org.springframework.security.web.RequestMatcherRedirectFilter@3b9c386d, org.springframework.security.web.savedrequest.RequestCacheAwareFilter@77430c79, org.springframework.security.web.servletapi.SecurityContextHolderAwareRequestFilter@506654fa, org.springframework.security.web.authentication.AnonymousAuthenticationFilter@1dcc0bb8, org.springframework.security.web.session.SessionManagementFilter@f3e6876, org.springframework.security.web.access.ExceptionTranslationFilter@61c42e54, org.springframework.security.web.access.intercept.AuthorizationFilter@455cb6d9]
2024-01-09T20:24:51.255+04:00 DEBUG 325695 --- [main] s.w.s.m.m.a.RequestMappingHandlerAdapter : ControllerAdvice beans: 0 @ModelAttribute, 0 @InitBinder, 1 RequestBodyAdvice, 1 ResponseBodyAdvice
2024-01-09T20:24:51.275+04:00 DEBUG 325695 --- [main] .m.m.a.ExceptionHandlerExceptionResolver : ControllerAdvice beans: 1 @ExceptionHandler, 1 ResponseBodyAdvice
2024-01-09T20:24:51.328+04:00 DEBUG 325695 --- [main] .m.m.a.ExceptionHandlerExceptionResolver : ControllerAdvice beans: 1 @ExceptionHandler, 0 ResponseBodyAdvice
2024-01-09T20:24:51.448+04:00  INFO 325695 --- [main] o.s.b.w.embedded.tomcat.TomcatWebServer  : Tomcat started on port 8080 (http) with context path ''
2024-01-09T20:24:51.454+04:00 TRACE 325695 --- [main] o.s.w.s.resource.ResourceUrlProvider     : No resource handling mappings found
2024-01-09T20:24:51.455+04:00  INFO 325695 --- [main] c.nebula.notescape.NotescapeApplication  : Started NotescapeApplication in 2.852 seconds (process running for 3.441)
2024-01-09T20:24:53.946+04:00  INFO 325695 --- [http-nio-8080-exec-1] o.a.c.c.C.[Tomcat].[localhost].[/]       : Initializing Spring DispatcherServlet 'dispatcherServlet'
2024-01-09T20:24:53.946+04:00  INFO 325695 --- [http-nio-8080-exec-1] o.s.web.servlet.DispatcherServlet        : Initializing Servlet 'dispatcherServlet'
2024-01-09T20:24:53.946+04:00 TRACE 325695 --- [http-nio-8080-exec-1] o.s.web.servlet.DispatcherServlet        : Detected org.springframework.web.multipart.support.StandardServletMultipartResolver@7a02d760
2024-01-09T20:24:53.946+04:00 TRACE 325695 --- [http-nio-8080-exec-1] o.s.web.servlet.DispatcherServlet        : Detected org.springframework.web.servlet.i18n.AcceptHeaderLocaleResolver@6cd8c373
2024-01-09T20:24:53.946+04:00 TRACE 325695 --- [http-nio-8080-exec-1] o.s.web.servlet.DispatcherServlet        : Detected org.springframework.web.servlet.theme.FixedThemeResolver@40e41f88
2024-01-09T20:24:53.947+04:00 TRACE 325695 --- [http-nio-8080-exec-1] o.s.web.servlet.DispatcherServlet        : Detected DefaultRequestToViewNameTranslator
2024-01-09T20:24:53.947+04:00 TRACE 325695 --- [http-nio-8080-exec-1] o.s.web.servlet.DispatcherServlet        : Detected SessionFlashMapManager
2024-01-09T20:24:53.947+04:00 DEBUG 325695 --- [http-nio-8080-exec-1] o.s.web.servlet.DispatcherServlet        : enableLoggingRequestDetails='true': request parameters and headers will be shown which may lead to unsafe logging of potentially sensitive data
2024-01-09T20:24:53.947+04:00  INFO 325695 --- [http-nio-8080-exec-1] o.s.web.servlet.DispatcherServlet        : Completed initialization in 1 ms
2024-01-09T20:24:53.975+04:00 TRACE 325695 --- [http-nio-8080-exec-1] o.s.web.servlet.DispatcherServlet        : POST "/api/auth/login", parameters={}, headers={content-type:[application/json], user-agent:[PostmanRuntime/7.32.2], accept:[*/*], postman-token:[4ee7c0c1-23b4-44c9-94a3-392b3bc2c6f9], host:[localhost:8080], accept-encoding:[gzip, deflate, br], connection:[keep-alive], content-length:[68]} in DispatcherServlet 'dispatcherServlet'
2024-01-09T20:24:53.976+04:00 TRACE 325695 --- [http-nio-8080-exec-1] s.w.s.m.m.a.RequestMappingHandlerMapping : Mapped to com.nebula.notescape.controller.AuthenticationController#login(LoginRequest)
2024-01-09T20:24:54.038+04:00 TRACE 325695 --- [http-nio-8080-exec-1] m.m.a.RequestResponseBodyMethodProcessor : Read "application/json;charset=UTF-8" to [LoginRequest(email=dillanext@mail.com, password=dillanext12)]
2024-01-09T20:24:54.044+04:00 TRACE 325695 --- [http-nio-8080-exec-1] o.s.web.method.HandlerMethod             : Arguments: [LoginRequest(email=dillanext@mail.com, password=dillanext12)]
2024-01-09T20:24:54.434+04:00 DEBUG 325695 --- [http-nio-8080-exec-1] c.n.n.s.service.AuthenticationService    : AuthenticationManager successfully authenticated dillanext@mail.com
2024-01-09T20:24:54.559+04:00 TRACE 325695 --- [http-nio-8080-exec-1] c.n.n.s.service.AuthenticationService    : Successfully generated token for dillanext@mail.com
2024-01-09T20:24:54.560+04:00 DEBUG 325695 --- [http-nio-8080-exec-1] c.n.n.s.service.AuthenticationService    : Authentication Token for dillanext@mail.com is eyJhbGciOiJIUzM4NCJ9.eyJzdWIiOiJkaWxsYW5leHRAbWFpbC5jb20iLCJpYXQiOjE3MDQ4MTc0OTQsImV4cCI6MTcwNTQyMjI5NH0.VfiIBw990LdnwFsXtTgX2yAa4bF39hQbZdNxEEx8P2_jNkaE--l0bqrS4d50fvv7
2024-01-09T20:24:54.568+04:00 DEBUG 325695 --- [http-nio-8080-exec-1] c.n.n.s.service.AuthenticationService    : Successfully retrieved dillanext@mail.com from the user repository
2024-01-09T20:24:54.568+04:00  INFO 325695 --- [http-nio-8080-exec-1] c.n.n.s.service.AuthenticationService    : dillanext@mail.com authenticated successfully
2024-01-09T20:24:54.585+04:00 DEBUG 325695 --- [http-nio-8080-exec-1] m.m.a.RequestResponseBodyMethodProcessor : Using 'application/json', given [*/*] and supported [application/json, application/*+json]
2024-01-09T20:24:54.588+04:00 TRACE 325695 --- [http-nio-8080-exec-1] m.m.a.RequestResponseBodyMethodProcessor : Writing [{user=UserResponse(id=1, email=dillanext@mail.com, username=dillanext, fullName=zurajishkariani, about=null, imgUrl=), token=eyJhbGciOiJIUzM4NCJ9.eyJzdWIiOiJkaWxsYW5leHRAbWFpbC5jb20iLCJpYXQiOjE3MDQ4MTc0OTQsImV4cCI6MTcwNTQyMjI5NH0.VfiIBw990LdnwFsXtTgX2yAa4bF39hQbZdNxEEx8P2_jNkaE--l0bqrS4d50fvv7}]
2024-01-09T20:24:54.608+04:00 TRACE 325695 --- [http-nio-8080-exec-1] o.s.web.servlet.DispatcherServlet        : No view rendering, null ModelAndView returned.
2024-01-09T20:24:54.611+04:00 DEBUG 325695 --- [http-nio-8080-exec-1] o.s.web.servlet.DispatcherServlet        : Completed 200 OK, headers={Vary:[Origin, Access-Control-Request-Method, Access-Control-Request-Headers], Vary:[Origin, Access-Control-Request-Method, Access-Control-Request-Headers], Vary:[Origin, Access-Control-Request-Method, Access-Control-Request-Headers], X-Content-Type-Options:[nosniff], X-XSS-Protection:[0], Cache-Control:[no-cache, no-store, max-age=0, must-revalidate], Pragma:[no-cache], Expires:[0], X-Frame-Options:[DENY], Content-Type:[application/json], Transfer-Encoding:[chunked], Date:[Tue, 09 Jan 2024 16:24:54 GMT], Keep-Alive:[timeout=60], Connection:[keep-alive]}
2024-01-09T20:26:21.156+04:00  INFO 325695 --- [SpringApplicationShutdownHook] j.LocalContainerEntityManagerFactoryBean : Closing JPA EntityManagerFactory for persistence unit 'default'
2024-01-09T20:26:21.167+04:00  INFO 325695 --- [SpringApplicationShutdownHook] com.zaxxer.hikari.HikariDataSource       : HikariPool-1 - Shutdown initiated...
2024-01-09T20:26:21.176+04:00  INFO 325695 --- [SpringApplicationShutdownHook] com.zaxxer.hikari.HikariDataSource       : HikariPool-1 - Shutdown completed.
2024-01-09T20:26:23.768+04:00  INFO 326445 --- [main] c.nebula.notescape.NotescapeApplication  : Starting NotescapeApplication using Java 17.0.9 with PID 326445 (/home/nebula/Workspace/java/notescape/backend/target/classes started by nebula in /home/nebula/Workspace/java/notescape/backend)
2024-01-09T20:26:23.770+04:00  INFO 326445 --- [main] c.nebula.notescape.NotescapeApplication  : No active profile set, falling back to 1 default profile: "default"
2024-01-09T20:26:24.182+04:00  INFO 326445 --- [main] .s.d.r.c.RepositoryConfigurationDelegate : Bootstrapping Spring Data JPA repositories in DEFAULT mode.
2024-01-09T20:26:24.212+04:00  INFO 326445 --- [main] .s.d.r.c.RepositoryConfigurationDelegate : Finished Spring Data repository scanning in 25 ms. Found 1 JPA repository interface.
2024-01-09T20:26:24.545+04:00  INFO 326445 --- [main] o.s.b.w.embedded.tomcat.TomcatWebServer  : Tomcat initialized with port 8080 (http)
2024-01-09T20:26:24.552+04:00  INFO 326445 --- [main] o.apache.catalina.core.StandardService   : Starting service [Tomcat]
2024-01-09T20:26:24.552+04:00  INFO 326445 --- [main] o.apache.catalina.core.StandardEngine    : Starting Servlet engine: [Apache Tomcat/10.1.17]
2024-01-09T20:26:24.578+04:00  INFO 326445 --- [main] o.a.c.c.C.[Tomcat].[localhost].[/]       : Initializing Spring embedded WebApplicationContext
2024-01-09T20:26:24.578+04:00  INFO 326445 --- [main] w.s.c.ServletWebServerApplicationContext : Root WebApplicationContext: initialization completed in 780 ms
2024-01-09T20:26:24.643+04:00  INFO 326445 --- [main] o.hibernate.jpa.internal.util.LogHelper  : HHH000204: Processing PersistenceUnitInfo [name: default]
2024-01-09T20:26:24.666+04:00  INFO 326445 --- [main] org.hibernate.Version                    : HHH000412: Hibernate ORM core version 6.4.1.Final
2024-01-09T20:26:24.684+04:00  INFO 326445 --- [main] o.h.c.internal.RegionFactoryInitiator    : HHH000026: Second-level cache disabled
2024-01-09T20:26:24.802+04:00  INFO 326445 --- [main] o.s.o.j.p.SpringPersistenceUnitInfo      : No LoadTimeWeaver setup: ignoring JPA class transformer
2024-01-09T20:26:24.815+04:00  INFO 326445 --- [main] com.zaxxer.hikari.HikariDataSource       : HikariPool-1 - Starting...
2024-01-09T20:26:24.899+04:00  INFO 326445 --- [main] com.zaxxer.hikari.pool.HikariPool        : HikariPool-1 - Added connection com.mysql.cj.jdbc.ConnectionImpl@7221539
2024-01-09T20:26:24.900+04:00  INFO 326445 --- [main] com.zaxxer.hikari.HikariDataSource       : HikariPool-1 - Start completed.
2024-01-09T20:26:24.914+04:00  WARN 326445 --- [main] o.h.e.j.e.i.JdbcEnvironmentInitiator     : HHH000339: Could not obtain connection metadata: java.sql.SQLSyntaxErrorException: Unknown column 'RESERVED' in 'where clause'
2024-01-09T20:26:24.922+04:00  WARN 326445 --- [main] org.hibernate.orm.deprecation            : HHH90000025: MySQLDialect does not need to be specified explicitly using 'hibernate.dialect' (remove the property setting and it will be selected by default)
2024-01-09T20:26:25.373+04:00  INFO 326445 --- [main] o.h.e.t.j.p.i.JtaPlatformInitiator       : HHH000489: No JTA platform available (set 'hibernate.transaction.jta.platform' to enable JTA platform integration)
2024-01-09T20:26:25.415+04:00  INFO 326445 --- [main] j.LocalContainerEntityManagerFactoryBean : Initialized JPA EntityManagerFactory for persistence unit 'default'
2024-01-09T20:26:25.667+04:00  WARN 326445 --- [main] JpaBaseConfiguration$JpaWebConfiguration : spring.jpa.open-in-view is enabled by default. Therefore, database queries may be performed during view rendering. Explicitly configure spring.jpa.open-in-view to disable this warning
2024-01-09T20:26:25.889+04:00  INFO 326445 --- [main] o.s.s.web.DefaultSecurityFilterChain     : Will secure any request with [org.springframework.security.web.session.DisableEncodeUrlFilter@304cad3a, org.springframework.security.web.context.request.async.WebAsyncManagerIntegrationFilter@628cb8e0, org.springframework.security.web.context.SecurityContextHolderFilter@5101b9, org.springframework.security.web.header.HeaderWriterFilter@4865434e, org.springframework.web.filter.CorsFilter@19f9404d, org.springframework.security.web.authentication.logout.LogoutFilter@1e9e4468, com.nebula.notescape.security.JwtAuthenticationFilter@1f381eaf, org.springframework.security.web.RequestMatcherRedirectFilter@321c01c2, org.springframework.security.web.savedrequest.RequestCacheAwareFilter@5ec25b61, org.springframework.security.web.servletapi.SecurityContextHolderAwareRequestFilter@7da40bf4, org.springframework.security.web.authentication.AnonymousAuthenticationFilter@5481f204, org.springframework.security.web.session.SessionManagementFilter@61c42e54, org.springframework.security.web.access.ExceptionTranslationFilter@1e86b2d1, org.springframework.security.web.access.intercept.AuthorizationFilter@2396dc4e]
2024-01-09T20:26:26.102+04:00  INFO 326445 --- [main] o.s.b.w.embedded.tomcat.TomcatWebServer  : Tomcat started on port 8080 (http) with context path ''
2024-01-09T20:26:26.108+04:00  INFO 326445 --- [main] c.nebula.notescape.NotescapeApplication  : Started NotescapeApplication in 2.687 seconds (process running for 3.229)
2024-01-09T20:26:29.273+04:00  INFO 326445 --- [http-nio-8080-exec-2] o.a.c.c.C.[Tomcat].[localhost].[/]       : Initializing Spring DispatcherServlet 'dispatcherServlet'
2024-01-09T20:26:29.273+04:00  INFO 326445 --- [http-nio-8080-exec-2] o.s.web.servlet.DispatcherServlet        : Initializing Servlet 'dispatcherServlet'
2024-01-09T20:26:29.275+04:00  INFO 326445 --- [http-nio-8080-exec-2] o.s.web.servlet.DispatcherServlet        : Completed initialization in 2 ms
2024-01-09T20:26:29.730+04:00 DEBUG 326445 --- [http-nio-8080-exec-2] c.n.n.s.service.AuthenticationService    : AuthenticationManager successfully authenticated dillanext@mail.com
2024-01-09T20:26:29.792+04:00 TRACE 326445 --- [http-nio-8080-exec-2] c.n.n.s.service.AuthenticationService    : Successfully generated token for dillanext@mail.com
2024-01-09T20:26:29.795+04:00 TRACE 326445 --- [http-nio-8080-exec-2] c.n.n.s.service.AuthenticationService    : Successfully retrieved dillanext@mail.com from the user repository
2024-01-09T20:26:29.795+04:00  INFO 326445 --- [http-nio-8080-exec-2] c.n.n.s.service.AuthenticationService    : dillanext@mail.com authenticated successfully
2024-01-09T20:26:43.498+04:00  INFO 326445 --- [SpringApplicationShutdownHook] j.LocalContainerEntityManagerFactoryBean : Closing JPA EntityManagerFactory for persistence unit 'default'
2024-01-09T20:26:43.500+04:00  INFO 326445 --- [SpringApplicationShutdownHook] com.zaxxer.hikari.HikariDataSource       : HikariPool-1 - Shutdown initiated...
2024-01-09T20:26:43.505+04:00  INFO 326445 --- [SpringApplicationShutdownHook] com.zaxxer.hikari.HikariDataSource       : HikariPool-1 - Shutdown completed.
2024-01-09T20:26:45.420+04:00  INFO 326715 --- [main] c.nebula.notescape.NotescapeApplication  : Starting NotescapeApplication using Java 17.0.9 with PID 326715 (/home/nebula/Workspace/java/notescape/backend/target/classes started by nebula in /home/nebula/Workspace/java/notescape/backend)
2024-01-09T20:26:45.423+04:00  INFO 326715 --- [main] c.nebula.notescape.NotescapeApplication  : No active profile set, falling back to 1 default profile: "default"
2024-01-09T20:26:45.844+04:00  INFO 326715 --- [main] .s.d.r.c.RepositoryConfigurationDelegate : Bootstrapping Spring Data JPA repositories in DEFAULT mode.
2024-01-09T20:26:45.877+04:00  INFO 326715 --- [main] .s.d.r.c.RepositoryConfigurationDelegate : Finished Spring Data repository scanning in 28 ms. Found 1 JPA repository interface.
2024-01-09T20:26:46.237+04:00  INFO 326715 --- [main] o.s.b.w.embedded.tomcat.TomcatWebServer  : Tomcat initialized with port 8080 (http)
2024-01-09T20:26:46.244+04:00  INFO 326715 --- [main] o.apache.catalina.core.StandardService   : Starting service [Tomcat]
2024-01-09T20:26:46.245+04:00  INFO 326715 --- [main] o.apache.catalina.core.StandardEngine    : Starting Servlet engine: [Apache Tomcat/10.1.17]
2024-01-09T20:26:46.274+04:00  INFO 326715 --- [main] o.a.c.c.C.[Tomcat].[localhost].[/]       : Initializing Spring embedded WebApplicationContext
2024-01-09T20:26:46.274+04:00  INFO 326715 --- [main] w.s.c.ServletWebServerApplicationContext : Root WebApplicationContext: initialization completed in 821 ms
2024-01-09T20:26:46.348+04:00  INFO 326715 --- [main] o.hibernate.jpa.internal.util.LogHelper  : HHH000204: Processing PersistenceUnitInfo [name: default]
2024-01-09T20:26:46.381+04:00  INFO 326715 --- [main] org.hibernate.Version                    : HHH000412: Hibernate ORM core version 6.4.1.Final
2024-01-09T20:26:46.401+04:00  INFO 326715 --- [main] o.h.c.internal.RegionFactoryInitiator    : HHH000026: Second-level cache disabled
2024-01-09T20:26:46.540+04:00  INFO 326715 --- [main] o.s.o.j.p.SpringPersistenceUnitInfo      : No LoadTimeWeaver setup: ignoring JPA class transformer
2024-01-09T20:26:46.556+04:00  INFO 326715 --- [main] com.zaxxer.hikari.HikariDataSource       : HikariPool-1 - Starting...
2024-01-09T20:26:46.643+04:00  INFO 326715 --- [main] com.zaxxer.hikari.pool.HikariPool        : HikariPool-1 - Added connection com.mysql.cj.jdbc.ConnectionImpl@144e36ae
2024-01-09T20:26:46.644+04:00  INFO 326715 --- [main] com.zaxxer.hikari.HikariDataSource       : HikariPool-1 - Start completed.
2024-01-09T20:26:46.658+04:00  WARN 326715 --- [main] o.h.e.j.e.i.JdbcEnvironmentInitiator     : HHH000339: Could not obtain connection metadata: java.sql.SQLSyntaxErrorException: Unknown column 'RESERVED' in 'where clause'
2024-01-09T20:26:46.668+04:00  WARN 326715 --- [main] org.hibernate.orm.deprecation            : HHH90000025: MySQLDialect does not need to be specified explicitly using 'hibernate.dialect' (remove the property setting and it will be selected by default)
2024-01-09T20:26:47.147+04:00  INFO 326715 --- [main] o.h.e.t.j.p.i.JtaPlatformInitiator       : HHH000489: No JTA platform available (set 'hibernate.transaction.jta.platform' to enable JTA platform integration)
2024-01-09T20:26:47.188+04:00  INFO 326715 --- [main] j.LocalContainerEntityManagerFactoryBean : Initialized JPA EntityManagerFactory for persistence unit 'default'
2024-01-09T20:26:47.445+04:00  WARN 326715 --- [main] JpaBaseConfiguration$JpaWebConfiguration : spring.jpa.open-in-view is enabled by default. Therefore, database queries may be performed during view rendering. Explicitly configure spring.jpa.open-in-view to disable this warning
2024-01-09T20:26:47.674+04:00  INFO 326715 --- [main] o.s.s.web.DefaultSecurityFilterChain     : Will secure any request with [org.springframework.security.web.session.DisableEncodeUrlFilter@2f541f60, org.springframework.security.web.context.request.async.WebAsyncManagerIntegrationFilter@1dcc0bb8, org.springframework.security.web.context.SecurityContextHolderFilter@77430c79, org.springframework.security.web.header.HeaderWriterFilter@40273969, org.springframework.web.filter.CorsFilter@29767156, org.springframework.security.web.authentication.logout.LogoutFilter@304cad3a, com.nebula.notescape.security.JwtAuthenticationFilter@1104ad6a, org.springframework.security.web.RequestMatcherRedirectFilter@536f389, org.springframework.security.web.savedrequest.RequestCacheAwareFilter@4468ced2, org.springframework.security.web.servletapi.SecurityContextHolderAwareRequestFilter@21f421b8, org.springframework.security.web.authentication.AnonymousAuthenticationFilter@6f6998b6, org.springframework.security.web.session.SessionManagementFilter@1a67bcaf, org.springframework.security.web.access.ExceptionTranslationFilter@3bf306d3, org.springframework.security.web.access.intercept.AuthorizationFilter@5d2bfc9f]
2024-01-09T20:26:47.868+04:00  INFO 326715 --- [main] o.s.b.w.embedded.tomcat.TomcatWebServer  : Tomcat started on port 8080 (http) with context path ''
2024-01-09T20:26:47.874+04:00  INFO 326715 --- [main] c.nebula.notescape.NotescapeApplication  : Started NotescapeApplication in 2.876 seconds (process running for 3.453)
2024-01-09T20:26:49.873+04:00  INFO 326715 --- [http-nio-8080-exec-1] o.a.c.c.C.[Tomcat].[localhost].[/]       : Initializing Spring DispatcherServlet 'dispatcherServlet'
2024-01-09T20:26:49.873+04:00  INFO 326715 --- [http-nio-8080-exec-1] o.s.web.servlet.DispatcherServlet        : Initializing Servlet 'dispatcherServlet'
2024-01-09T20:26:49.875+04:00  INFO 326715 --- [http-nio-8080-exec-1] o.s.web.servlet.DispatcherServlet        : Completed initialization in 2 ms
2024-01-09T20:26:50.312+04:00  INFO 326715 --- [http-nio-8080-exec-1] c.n.n.s.service.AuthenticationService    : dillanext@mail.com authenticated successfully
2024-01-09T20:27:06.486+04:00  INFO 326715 --- [SpringApplicationShutdownHook] j.LocalContainerEntityManagerFactoryBean : Closing JPA EntityManagerFactory for persistence unit 'default'
2024-01-09T20:27:06.489+04:00  INFO 326715 --- [SpringApplicationShutdownHook] com.zaxxer.hikari.HikariDataSource       : HikariPool-1 - Shutdown initiated...
2024-01-09T20:27:06.502+04:00  INFO 326715 --- [SpringApplicationShutdownHook] com.zaxxer.hikari.HikariDataSource       : HikariPool-1 - Shutdown completed.
2024-01-09T20:27:08.152+04:00  INFO 326982 --- [main] c.nebula.notescape.NotescapeApplication  : Starting NotescapeApplication using Java 17.0.9 with PID 326982 (/home/nebula/Workspace/java/notescape/backend/target/classes started by nebula in /home/nebula/Workspace/java/notescape/backend)
2024-01-09T20:27:08.154+04:00  INFO 326982 --- [main] c.nebula.notescape.NotescapeApplication  : No active profile set, falling back to 1 default profile: "default"
2024-01-09T20:27:08.534+04:00  INFO 326982 --- [main] .s.d.r.c.RepositoryConfigurationDelegate : Bootstrapping Spring Data JPA repositories in DEFAULT mode.
2024-01-09T20:27:08.564+04:00  INFO 326982 --- [main] .s.d.r.c.RepositoryConfigurationDelegate : Finished Spring Data repository scanning in 25 ms. Found 1 JPA repository interface.
2024-01-09T20:27:08.892+04:00  INFO 326982 --- [main] o.s.b.w.embedded.tomcat.TomcatWebServer  : Tomcat initialized with port 8080 (http)
2024-01-09T20:27:08.898+04:00  INFO 326982 --- [main] o.apache.catalina.core.StandardService   : Starting service [Tomcat]
2024-01-09T20:27:08.898+04:00  INFO 326982 --- [main] o.apache.catalina.core.StandardEngine    : Starting Servlet engine: [Apache Tomcat/10.1.17]
2024-01-09T20:27:08.930+04:00  INFO 326982 --- [main] o.a.c.c.C.[Tomcat].[localhost].[/]       : Initializing Spring embedded WebApplicationContext
2024-01-09T20:27:08.931+04:00  INFO 326982 --- [main] w.s.c.ServletWebServerApplicationContext : Root WebApplicationContext: initialization completed in 743 ms
2024-01-09T20:27:09.005+04:00  INFO 326982 --- [main] o.hibernate.jpa.internal.util.LogHelper  : HHH000204: Processing PersistenceUnitInfo [name: default]
2024-01-09T20:27:09.030+04:00  INFO 326982 --- [main] org.hibernate.Version                    : HHH000412: Hibernate ORM core version 6.4.1.Final
2024-01-09T20:27:09.046+04:00  INFO 326982 --- [main] o.h.c.internal.RegionFactoryInitiator    : HHH000026: Second-level cache disabled
2024-01-09T20:27:09.158+04:00  INFO 326982 --- [main] o.s.o.j.p.SpringPersistenceUnitInfo      : No LoadTimeWeaver setup: ignoring JPA class transformer
2024-01-09T20:27:09.170+04:00  INFO 326982 --- [main] com.zaxxer.hikari.HikariDataSource       : HikariPool-1 - Starting...
2024-01-09T20:27:09.248+04:00  INFO 326982 --- [main] com.zaxxer.hikari.pool.HikariPool        : HikariPool-1 - Added connection com.mysql.cj.jdbc.ConnectionImpl@5d96d434
2024-01-09T20:27:09.249+04:00  INFO 326982 --- [main] com.zaxxer.hikari.HikariDataSource       : HikariPool-1 - Start completed.
2024-01-09T20:27:09.263+04:00  WARN 326982 --- [main] o.h.e.j.e.i.JdbcEnvironmentInitiator     : HHH000339: Could not obtain connection metadata: java.sql.SQLSyntaxErrorException: Unknown column 'RESERVED' in 'where clause'
2024-01-09T20:27:09.272+04:00  WARN 326982 --- [main] org.hibernate.orm.deprecation            : HHH90000025: MySQLDialect does not need to be specified explicitly using 'hibernate.dialect' (remove the property setting and it will be selected by default)
2024-01-09T20:27:09.720+04:00  INFO 326982 --- [main] o.h.e.t.j.p.i.JtaPlatformInitiator       : HHH000489: No JTA platform available (set 'hibernate.transaction.jta.platform' to enable JTA platform integration)
2024-01-09T20:27:09.758+04:00  INFO 326982 --- [main] j.LocalContainerEntityManagerFactoryBean : Initialized JPA EntityManagerFactory for persistence unit 'default'
2024-01-09T20:27:09.983+04:00  WARN 326982 --- [main] JpaBaseConfiguration$JpaWebConfiguration : spring.jpa.open-in-view is enabled by default. Therefore, database queries may be performed during view rendering. Explicitly configure spring.jpa.open-in-view to disable this warning
2024-01-09T20:27:10.203+04:00  INFO 326982 --- [main] o.s.s.web.DefaultSecurityFilterChain     : Will secure any request with [org.springframework.security.web.session.DisableEncodeUrlFilter@55159007, org.springframework.security.web.context.request.async.WebAsyncManagerIntegrationFilter@edf4973, org.springframework.security.web.context.SecurityContextHolderFilter@40304938, org.springframework.security.web.header.HeaderWriterFilter@3fe59f84, org.springframework.web.filter.CorsFilter@2a49753, org.springframework.security.web.authentication.logout.LogoutFilter@16718e1b, com.nebula.notescape.security.JwtAuthenticationFilter@4844e24b, org.springframework.security.web.RequestMatcherRedirectFilter@5481f204, org.springframework.security.web.savedrequest.RequestCacheAwareFilter@6c9e7af2, org.springframework.security.web.servletapi.SecurityContextHolderAwareRequestFilter@48cbb4c5, org.springframework.security.web.authentication.AnonymousAuthenticationFilter@6e68ccc9, org.springframework.security.web.session.SessionManagementFilter@7da40bf4, org.springframework.security.web.access.ExceptionTranslationFilter@4df8443f, org.springframework.security.web.access.intercept.AuthorizationFilter@79169472]
2024-01-09T20:27:10.406+04:00  INFO 326982 --- [main] o.s.b.w.embedded.tomcat.TomcatWebServer  : Tomcat started on port 8080 (http) with context path ''
2024-01-09T20:27:10.416+04:00  INFO 326982 --- [main] c.nebula.notescape.NotescapeApplication  : Started NotescapeApplication in 2.612 seconds (process running for 3.008)
2024-01-09T20:27:13.794+04:00  INFO 326982 --- [http-nio-8080-exec-1] o.a.c.c.C.[Tomcat].[localhost].[/]       : Initializing Spring DispatcherServlet 'dispatcherServlet'
2024-01-09T20:27:13.795+04:00  INFO 326982 --- [http-nio-8080-exec-1] o.s.web.servlet.DispatcherServlet        : Initializing Servlet 'dispatcherServlet'
2024-01-09T20:27:13.796+04:00  INFO 326982 --- [http-nio-8080-exec-1] o.s.web.servlet.DispatcherServlet        : Completed initialization in 0 ms
2024-01-09T20:27:14.127+04:00 DEBUG 326982 --- [http-nio-8080-exec-1] c.n.n.s.service.AuthenticationService    : AuthenticationManager successfully authenticated dillanext@mail.com
2024-01-09T20:27:14.201+04:00  INFO 326982 --- [http-nio-8080-exec-1] c.n.n.s.service.AuthenticationService    : dillanext@mail.com authenticated successfully
2024-01-09T20:27:49.825+04:00  INFO 326982 --- [SpringApplicationShutdownHook] j.LocalContainerEntityManagerFactoryBean : Closing JPA EntityManagerFactory for persistence unit 'default'
2024-01-09T20:27:49.827+04:00  INFO 326982 --- [SpringApplicationShutdownHook] com.zaxxer.hikari.HikariDataSource       : HikariPool-1 - Shutdown initiated...
2024-01-09T20:27:49.832+04:00  INFO 326982 --- [SpringApplicationShutdownHook] com.zaxxer.hikari.HikariDataSource       : HikariPool-1 - Shutdown completed.
2024-01-09T21:19:10.899+04:00  INFO 351316 --- [main] c.nebula.notescape.NotescapeApplication  : Starting NotescapeApplication using Java 17.0.9 with PID 351316 (/home/nebula/Workspace/java/notescape/backend/target/classes started by nebula in /home/nebula/Workspace/java/notescape/backend)
2024-01-09T21:19:10.901+04:00  INFO 351316 --- [main] c.nebula.notescape.NotescapeApplication  : No active profile set, falling back to 1 default profile: "default"
2024-01-09T21:19:11.335+04:00  INFO 351316 --- [main] .s.d.r.c.RepositoryConfigurationDelegate : Bootstrapping Spring Data JPA repositories in DEFAULT mode.
2024-01-09T21:19:11.375+04:00  INFO 351316 --- [main] .s.d.r.c.RepositoryConfigurationDelegate : Finished Spring Data repository scanning in 35 ms. Found 1 JPA repository interface.
2024-01-09T21:19:11.764+04:00  INFO 351316 --- [main] o.s.b.w.embedded.tomcat.TomcatWebServer  : Tomcat initialized with port 8080 (http)
2024-01-09T21:19:11.771+04:00  INFO 351316 --- [main] o.apache.catalina.core.StandardService   : Starting service [Tomcat]
2024-01-09T21:19:11.771+04:00  INFO 351316 --- [main] o.apache.catalina.core.StandardEngine    : Starting Servlet engine: [Apache Tomcat/10.1.17]
2024-01-09T21:19:11.798+04:00  INFO 351316 --- [main] o.a.c.c.C.[Tomcat].[localhost].[/]       : Initializing Spring embedded WebApplicationContext
2024-01-09T21:19:11.799+04:00  INFO 351316 --- [main] w.s.c.ServletWebServerApplicationContext : Root WebApplicationContext: initialization completed in 867 ms
2024-01-09T21:19:11.805+04:00 TRACE 351316 --- [main] o.s.b.w.s.ServletContextInitializerBeans : Added existing Filter initializer bean 'securityFilterChainRegistration'; order=-100, resource=class path resource [org/springframework/boot/autoconfigure/security/servlet/SecurityFilterAutoConfiguration.class]
2024-01-09T21:19:11.806+04:00 TRACE 351316 --- [main] o.s.b.w.s.ServletContextInitializerBeans : Added existing Servlet initializer bean 'dispatcherServletRegistration'; order=2147483647, resource=class path resource [org/springframework/boot/autoconfigure/web/servlet/DispatcherServletAutoConfiguration$DispatcherServletRegistrationConfiguration.class]
2024-01-09T21:19:11.879+04:00  INFO 351316 --- [main] o.hibernate.jpa.internal.util.LogHelper  : HHH000204: Processing PersistenceUnitInfo [name: default]
2024-01-09T21:19:11.912+04:00  INFO 351316 --- [main] org.hibernate.Version                    : HHH000412: Hibernate ORM core version 6.4.1.Final
2024-01-09T21:19:11.932+04:00  INFO 351316 --- [main] o.h.c.internal.RegionFactoryInitiator    : HHH000026: Second-level cache disabled
2024-01-09T21:19:12.085+04:00  INFO 351316 --- [main] o.s.o.j.p.SpringPersistenceUnitInfo      : No LoadTimeWeaver setup: ignoring JPA class transformer
2024-01-09T21:19:12.100+04:00  INFO 351316 --- [main] com.zaxxer.hikari.HikariDataSource       : HikariPool-1 - Starting...
2024-01-09T21:19:12.205+04:00  INFO 351316 --- [main] com.zaxxer.hikari.pool.HikariPool        : HikariPool-1 - Added connection com.mysql.cj.jdbc.ConnectionImpl@b77b0a0
2024-01-09T21:19:12.206+04:00  INFO 351316 --- [main] com.zaxxer.hikari.HikariDataSource       : HikariPool-1 - Start completed.
2024-01-09T21:19:12.221+04:00  WARN 351316 --- [main] o.h.e.j.e.i.JdbcEnvironmentInitiator     : HHH000339: Could not obtain connection metadata: java.sql.SQLSyntaxErrorException: Unknown column 'RESERVED' in 'where clause'
2024-01-09T21:19:12.233+04:00  WARN 351316 --- [main] org.hibernate.orm.deprecation            : HHH90000025: MySQLDialect does not need to be specified explicitly using 'hibernate.dialect' (remove the property setting and it will be selected by default)
2024-01-09T21:19:12.717+04:00  INFO 351316 --- [main] o.h.e.t.j.p.i.JtaPlatformInitiator       : HHH000489: No JTA platform available (set 'hibernate.transaction.jta.platform' to enable JTA platform integration)
2024-01-09T21:19:12.762+04:00  INFO 351316 --- [main] j.LocalContainerEntityManagerFactoryBean : Initialized JPA EntityManagerFactory for persistence unit 'default'
2024-01-09T21:19:12.950+04:00 TRACE 351316 --- [main] o.s.b.w.s.ServletContextInitializerBeans : Created Filter initializer for bean 'characterEncodingFilter'; order=-2147483648, resource=class path resource [org/springframework/boot/autoconfigure/web/servlet/HttpEncodingAutoConfiguration.class]
2024-01-09T21:19:12.951+04:00 TRACE 351316 --- [main] o.s.b.w.s.ServletContextInitializerBeans : Created Filter initializer for bean 'jwtAuthenticationFilter'; order=2147483647, resource=file [/home/nebula/Workspace/java/notescape/backend/target/classes/com/nebula/notescape/security/JwtAuthenticationFilter.class]
2024-01-09T21:19:12.954+04:00 DEBUG 351316 --- [main] o.s.b.w.s.ServletContextInitializerBeans : Mapping filters: springSecurityFilterChain urls=[/*] order=-100, characterEncodingFilter urls=[/*] order=-2147483648, jwtAuthenticationFilter urls=[/*] order=2147483647
2024-01-09T21:19:12.954+04:00 DEBUG 351316 --- [main] o.s.b.w.s.ServletContextInitializerBeans : Mapping servlets: dispatcherServlet urls=[/]
2024-01-09T21:19:12.969+04:00 DEBUG 351316 --- [main] c.n.n.security.JwtAuthenticationFilter   : Filter 'jwtAuthenticationFilter' configured for use
2024-01-09T21:19:13.018+04:00  WARN 351316 --- [main] JpaBaseConfiguration$JpaWebConfiguration : spring.jpa.open-in-view is enabled by default. Therefore, database queries may be performed during view rendering. Explicitly configure spring.jpa.open-in-view to disable this warning
2024-01-09T21:19:13.133+04:00 TRACE 351316 --- [main] s.w.s.m.m.a.RequestMappingHandlerMapping : 
	c.n.n.c.AuthenticationController:
	{POST [/api/auth/login]}: login(LoginRequest)
	{POST [/api/auth/register]}: register(RegisterRequest)
2024-01-09T21:19:13.139+04:00 TRACE 351316 --- [main] s.w.s.m.m.a.RequestMappingHandlerMapping : 
	o.s.b.a.w.s.e.BasicErrorController:
	{ [/error]}: error(HttpServletRequest)
	{ [/error], produces [text/html]}: errorHtml(HttpServletRequest,HttpServletResponse)
2024-01-09T21:19:13.141+04:00 DEBUG 351316 --- [main] s.w.s.m.m.a.RequestMappingHandlerMapping : 4 mappings in 'requestMappingHandlerMapping'
2024-01-09T21:19:13.145+04:00 DEBUG 351316 --- [main] o.s.w.s.h.BeanNameUrlHandlerMapping      : Detected 0 mappings in 'beanNameHandlerMapping'
2024-01-09T21:19:13.182+04:00 TRACE 351316 --- [main] o.s.w.s.f.support.RouterFunctionMapping  : 0 RouterFunction(s) in 'routerFunctionMapping'
2024-01-09T21:19:13.277+04:00  INFO 351316 --- [main] o.s.s.web.DefaultSecurityFilterChain     : Will secure any request with [org.springframework.security.web.session.DisableEncodeUrlFilter@171b0d3, org.springframework.security.web.context.request.async.WebAsyncManagerIntegrationFilter@63d43a5, org.springframework.security.web.context.SecurityContextHolderFilter@75708130, org.springframework.security.web.header.HeaderWriterFilter@4df8443f, org.springframework.web.filter.CorsFilter@55159007, org.springframework.security.web.authentication.logout.LogoutFilter@78de0f6f, com.nebula.notescape.security.JwtAuthenticationFilter@5df7ae0a, org.springframework.security.web.RequestMatcherRedirectFilter@628cb8e0, org.springframework.security.web.savedrequest.RequestCacheAwareFilter@40304938, org.springframework.security.web.servletapi.SecurityContextHolderAwareRequestFilter@1d160161, org.springframework.security.web.authentication.AnonymousAuthenticationFilter@edf4973, org.springframework.security.web.session.SessionManagementFilter@40273969, org.springframework.security.web.access.ExceptionTranslationFilter@287dde94, org.springframework.security.web.access.intercept.AuthorizationFilter@321c01c2]
2024-01-09T21:19:13.308+04:00 DEBUG 351316 --- [main] s.w.s.m.m.a.RequestMappingHandlerAdapter : ControllerAdvice beans: 0 @ModelAttribute, 0 @InitBinder, 1 RequestBodyAdvice, 1 ResponseBodyAdvice
2024-01-09T21:19:13.327+04:00 DEBUG 351316 --- [main] .m.m.a.ExceptionHandlerExceptionResolver : ControllerAdvice beans: 1 @ExceptionHandler, 1 ResponseBodyAdvice
2024-01-09T21:19:13.374+04:00 DEBUG 351316 --- [main] .m.m.a.ExceptionHandlerExceptionResolver : ControllerAdvice beans: 1 @ExceptionHandler, 0 ResponseBodyAdvice
2024-01-09T21:19:13.508+04:00  INFO 351316 --- [main] o.s.b.w.embedded.tomcat.TomcatWebServer  : Tomcat started on port 8080 (http) with context path ''
2024-01-09T21:19:13.514+04:00 TRACE 351316 --- [main] o.s.w.s.resource.ResourceUrlProvider     : No resource handling mappings found
2024-01-09T21:19:13.514+04:00  INFO 351316 --- [main] c.nebula.notescape.NotescapeApplication  : Started NotescapeApplication in 3.037 seconds (process running for 3.481)
2024-01-09T21:19:42.263+04:00  INFO 351316 --- [http-nio-8080-exec-1] o.a.c.c.C.[Tomcat].[localhost].[/]       : Initializing Spring DispatcherServlet 'dispatcherServlet'
2024-01-09T21:19:42.263+04:00  INFO 351316 --- [http-nio-8080-exec-1] o.s.web.servlet.DispatcherServlet        : Initializing Servlet 'dispatcherServlet'
2024-01-09T21:19:42.263+04:00 TRACE 351316 --- [http-nio-8080-exec-1] o.s.web.servlet.DispatcherServlet        : Detected org.springframework.web.multipart.support.StandardServletMultipartResolver@3d5b2c1e
2024-01-09T21:19:42.263+04:00 TRACE 351316 --- [http-nio-8080-exec-1] o.s.web.servlet.DispatcherServlet        : Detected org.springframework.web.servlet.i18n.AcceptHeaderLocaleResolver@7c5fbde4
2024-01-09T21:19:42.263+04:00 TRACE 351316 --- [http-nio-8080-exec-1] o.s.web.servlet.DispatcherServlet        : Detected org.springframework.web.servlet.theme.FixedThemeResolver@6f0df74
2024-01-09T21:19:42.264+04:00 TRACE 351316 --- [http-nio-8080-exec-1] o.s.web.servlet.DispatcherServlet        : Detected DefaultRequestToViewNameTranslator
2024-01-09T21:19:42.264+04:00 TRACE 351316 --- [http-nio-8080-exec-1] o.s.web.servlet.DispatcherServlet        : Detected SessionFlashMapManager
2024-01-09T21:19:42.264+04:00 DEBUG 351316 --- [http-nio-8080-exec-1] o.s.web.servlet.DispatcherServlet        : enableLoggingRequestDetails='true': request parameters and headers will be shown which may lead to unsafe logging of potentially sensitive data
2024-01-09T21:19:42.264+04:00  INFO 351316 --- [http-nio-8080-exec-1] o.s.web.servlet.DispatcherServlet        : Completed initialization in 1 ms
2024-01-09T21:19:42.289+04:00 TRACE 351316 --- [http-nio-8080-exec-1] o.s.web.servlet.DispatcherServlet        : POST "/api/auth/login", parameters={}, headers={host:[localhost:8080], connection:[keep-alive], content-length:[55], sec-ch-ua:["Not_A Brand";v="8", "Chromium";v="120"], sec-ch-ua-mobile:[?0], user-agent:[Mozilla/5.0 (X11; Linux x86_64) AppleWebKit/537.36 (KHTML, like Gecko) Chrome/120.0.0.0 Safari/537.36], content-type:[application/json], access-control-allow-origin:[*], accept:[application/json], access-control-allow-headers:[Origin, X-Requested-With, Content-Type, Accept], sec-ch-ua-platform:["Linux"], origin:[http://localhost:3000], sec-fetch-site:[same-site], sec-fetch-mode:[cors], sec-fetch-dest:[empty], referer:[http://localhost:3000/], accept-encoding:[gzip, deflate, br], accept-language:[en-US,en;q=0.9,ka;q=0.8]} in DispatcherServlet 'dispatcherServlet'
2024-01-09T21:19:42.290+04:00 TRACE 351316 --- [http-nio-8080-exec-1] s.w.s.m.m.a.RequestMappingHandlerMapping : Mapped to com.nebula.notescape.controller.AuthenticationController#login(LoginRequest)
2024-01-09T21:19:42.290+04:00 TRACE 351316 --- [http-nio-8080-exec-1] o.s.web.cors.DefaultCorsProcessor        : Skip: response already contains "Access-Control-Allow-Origin"
2024-01-09T21:19:42.326+04:00 TRACE 351316 --- [http-nio-8080-exec-1] m.m.a.RequestResponseBodyMethodProcessor : Read "application/json;charset=UTF-8" to [LoginRequest(email=dillanext@mail.com, password=dillanext12)]
2024-01-09T21:19:42.330+04:00 TRACE 351316 --- [http-nio-8080-exec-1] o.s.web.method.HandlerMethod             : Arguments: [LoginRequest(email=dillanext@mail.com, password=dillanext12)]
2024-01-09T21:19:42.624+04:00  INFO 351316 --- [http-nio-8080-exec-1] c.n.n.service.AuthenticationService      : dillanext@mail.com authenticated successfully
2024-01-09T21:19:42.630+04:00 DEBUG 351316 --- [http-nio-8080-exec-1] m.m.a.RequestResponseBodyMethodProcessor : Using 'application/json', given [application/json] and supported [application/json, application/*+json]
2024-01-09T21:19:42.631+04:00 TRACE 351316 --- [http-nio-8080-exec-1] m.m.a.RequestResponseBodyMethodProcessor : Writing [{user=UserResponse(id=1, email=dillanext@mail.com, username=dillanext, fullName=zurajishkariani, about=null, imgUrl=), token=eyJhbGciOiJIUzM4NCJ9.eyJzdWIiOiJkaWxsYW5leHRAbWFpbC5jb20iLCJpYXQiOjE3MDQ4MjA3ODIsImV4cCI6MTcwNTQyNTU4Mn0.DMcZROfpHXixAESpuCdEYK4eyZSWWrldJnI-fbeS6egG4dBPPx-PKZyJO_EFhFBM}]
2024-01-09T21:19:42.638+04:00 TRACE 351316 --- [http-nio-8080-exec-1] o.s.web.servlet.DispatcherServlet        : No view rendering, null ModelAndView returned.
2024-01-09T21:19:42.640+04:00 DEBUG 351316 --- [http-nio-8080-exec-1] o.s.web.servlet.DispatcherServlet        : Completed 200 OK, headers={Vary:[Origin, Access-Control-Request-Method, Access-Control-Request-Headers], Vary:[Origin, Access-Control-Request-Method, Access-Control-Request-Headers], Vary:[Origin, Access-Control-Request-Method, Access-Control-Request-Headers], Access-Control-Allow-Origin:[http://localhost:3000], X-Content-Type-Options:[nosniff], X-XSS-Protection:[0], Cache-Control:[no-cache, no-store, max-age=0, must-revalidate], Pragma:[no-cache], Expires:[0], X-Frame-Options:[DENY], Content-Type:[application/json], Transfer-Encoding:[chunked], Date:[Tue, 09 Jan 2024 17:19:42 GMT], Keep-Alive:[timeout=60], Connection:[keep-alive]}
2024-01-09T21:19:47.695+04:00 TRACE 351316 --- [http-nio-8080-exec-2] o.s.web.servlet.DispatcherServlet        : POST "/api/auth/login", parameters={}, headers={host:[localhost:8080], connection:[keep-alive], content-length:[55], sec-ch-ua:["Not_A Brand";v="8", "Chromium";v="120"], sec-ch-ua-mobile:[?0], authorization:[eyJhbGciOiJIUzM4NCJ9.eyJzdWIiOiJkaWxsYW5leHRAbWFpbC5jb20iLCJpYXQiOjE3MDQ4MjA3ODIsImV4cCI6MTcwNTQyNTU4Mn0.DMcZROfpHXixAESpuCdEYK4eyZSWWrldJnI-fbeS6egG4dBPPx-PKZyJO_EFhFBM], user-agent:[Mozilla/5.0 (X11; Linux x86_64) AppleWebKit/537.36 (KHTML, like Gecko) Chrome/120.0.0.0 Safari/537.36], content-type:[application/json], access-control-allow-origin:[*], accept:[application/json], access-control-allow-headers:[Origin, X-Requested-With, Content-Type, Accept], sec-ch-ua-platform:["Linux"], origin:[http://localhost:3000], sec-fetch-site:[same-site], sec-fetch-mode:[cors], sec-fetch-dest:[empty], referer:[http://localhost:3000/], accept-encoding:[gzip, deflate, br], accept-language:[en-US,en;q=0.9,ka;q=0.8]} in DispatcherServlet 'dispatcherServlet'
2024-01-09T21:19:47.696+04:00 TRACE 351316 --- [http-nio-8080-exec-2] s.w.s.m.m.a.RequestMappingHandlerMapping : Mapped to com.nebula.notescape.controller.AuthenticationController#login(LoginRequest)
2024-01-09T21:19:47.696+04:00 TRACE 351316 --- [http-nio-8080-exec-2] o.s.web.cors.DefaultCorsProcessor        : Skip: response already contains "Access-Control-Allow-Origin"
2024-01-09T21:19:47.698+04:00 TRACE 351316 --- [http-nio-8080-exec-2] m.m.a.RequestResponseBodyMethodProcessor : Read "application/json;charset=UTF-8" to [LoginRequest(email=dillanext@mail.com, password=dillanext12)]
2024-01-09T21:19:47.698+04:00 TRACE 351316 --- [http-nio-8080-exec-2] o.s.web.method.HandlerMethod             : Arguments: [LoginRequest(email=dillanext@mail.com, password=dillanext12)]
2024-01-09T21:19:47.784+04:00  INFO 351316 --- [http-nio-8080-exec-2] c.n.n.service.AuthenticationService      : dillanext@mail.com authenticated successfully
2024-01-09T21:19:47.785+04:00 DEBUG 351316 --- [http-nio-8080-exec-2] m.m.a.RequestResponseBodyMethodProcessor : Using 'application/json', given [application/json] and supported [application/json, application/*+json]
2024-01-09T21:19:47.785+04:00 TRACE 351316 --- [http-nio-8080-exec-2] m.m.a.RequestResponseBodyMethodProcessor : Writing [{user=UserResponse(id=1, email=dillanext@mail.com, username=dillanext, fullName=zurajishkariani, about=null, imgUrl=), token=eyJhbGciOiJIUzM4NCJ9.eyJzdWIiOiJkaWxsYW5leHRAbWFpbC5jb20iLCJpYXQiOjE3MDQ4MjA3ODcsImV4cCI6MTcwNTQyNTU4N30.JdwmBr5lc9aZM_BoB6M5qq9GaD8nuj8_hot-sb8e7LuaJHkHOZmk73ozPO7dWwbT}]
2024-01-09T21:19:47.786+04:00 TRACE 351316 --- [http-nio-8080-exec-2] o.s.web.servlet.DispatcherServlet        : No view rendering, null ModelAndView returned.
2024-01-09T21:19:47.786+04:00 DEBUG 351316 --- [http-nio-8080-exec-2] o.s.web.servlet.DispatcherServlet        : Completed 200 OK, headers={Vary:[Origin, Access-Control-Request-Method, Access-Control-Request-Headers], Vary:[Origin, Access-Control-Request-Method, Access-Control-Request-Headers], Vary:[Origin, Access-Control-Request-Method, Access-Control-Request-Headers], Access-Control-Allow-Origin:[http://localhost:3000], X-Content-Type-Options:[nosniff], X-XSS-Protection:[0], Cache-Control:[no-cache, no-store, max-age=0, must-revalidate], Pragma:[no-cache], Expires:[0], X-Frame-Options:[DENY], Content-Type:[application/json], Transfer-Encoding:[chunked], Date:[Tue, 09 Jan 2024 17:19:47 GMT], Keep-Alive:[timeout=60], Connection:[keep-alive]}
